<?xml version="1.0" encoding="UTF-8"?>
<!-- Generated by org.testng.reporters.JUnitReportReporter -->
<testsuite hostname="Vihang-Personal" failures="0" tests="1" name="tests.LogoutTest" time="9.920" errors="0" timestamp="2025-07-15T08:11:17 NZST" skipped="0">
  <testcase classname="tests.LogoutTest" name="testLogout" time="9.920"/>
</testsuite> <!-- tests.LogoutTest -->
