<?xml version="1.0" encoding="UTF-8"?>
<!-- Generated by org.testng.reporters.JUnitReportReporter -->
<testsuite hostname="Vihang-Personal" failures="0" tests="1" name="tests.AddEmployeeTest" time="15.671" errors="0" timestamp="2025-07-15T09:14:39 NZST" skipped="0">
  <testcase classname="tests.AddEmployeeTest" name="testAddEmployee" time="15.671"/>
</testsuite> <!-- tests.AddEmployeeTest -->
