<?xml version="1.0" encoding="UTF-8"?>
<!-- Generated by org.testng.reporters.JUnitReportReporter -->
<testsuite hostname="Vihang-Personal" failures="0" tests="2" name="LoginTest" time="24.545" errors="0" timestamp="2025-07-16T12:44:56 NZST" skipped="0">
  <testcase classname="LoginTest" name="testLoginWithMultipleData" time="16.860"/>
  <testcase classname="LoginTest" name="testLoginWithMultipleData" time="7.685"/>
</testsuite> <!-- LoginTest -->
