<?xml version="1.0" encoding="UTF-8"?>
<!-- Generated by org.testng.reporters.JUnitReportReporter -->
<testsuite hostname="Vihang-Personal" failures="0" tests="1" name="LogoutTest" time="10.913" errors="0" timestamp="2025-07-16T12:44:56 NZST" skipped="0">
  <testcase classname="LogoutTest" name="testLogout" time="10.913"/>
</testsuite> <!-- LogoutTest -->
