<?xml version="1.0" encoding="UTF-8"?>
<!-- Generated by org.testng.reporters.JUnitReportReporter -->
<testsuite hostname="Vihang-Personal" failures="0" tests="2" name="tests.LoginTest" time="26.037" errors="0" timestamp="2025-07-15T07:53:39 NZST" skipped="0">
  <testcase classname="tests.LoginTest" name="testLoginWithMultipleData" time="9.566"/>
  <testcase classname="tests.LoginTest" name="testLoginWithMultipleData" time="16.471"/>
</testsuite> <!-- tests.LoginTest -->
